Using pre-set license
Built from '2020.3/release' branch; Version is '2020.3.7f1 (dd97f2c94397) revision 14522354'; Using compiler version '192528614'; Build Type 'Release'
OS: 'Windows 10 Pro; OS build 19041.985; Version 2004; 64bit' Language: 'ko' Physical Memory: 16234 MB
BatchMode: 1, IsHumanControllingUs: 0, StartBugReporterOnCrash: 0, Is64bit: 1, IsPro: 0

 COMMAND LINE ARGUMENTS:
C:\Program Files\Unity\Hub\Editor\2020.3.7f1\Editor\Unity.exe
-adb2
-batchMode
-noUpm
-name
AssetImportWorker0
-projectPath
D:/유니티/동아리/First_Ex_v2
-logFile
Logs/AssetImportWorker0.log
-srvPort
49290
Successfully changed project path to: D:/유니티/동아리/First_Ex_v2
D:/유니티/동아리/First_Ex_v2
Using Asset Import Pipeline V2.
Refreshing native plugins compatible for Editor in 31.25 ms, found 1 plugins.
Preloading 0 native plugins for Editor in 0.00 ms.
Initialize engine version: 2020.3.7f1 (dd97f2c94397)
[Subsystems] Discovering subsystems at path C:/Program Files/Unity/Hub/Editor/2020.3.7f1/Editor/Data/Resources/UnitySubsystems
[Subsystems] Discovering subsystems at path D:/유니티/동아리/First_Ex_v2/Assets
GfxDevice: creating device client; threaded=0
Direct3D:
    Version:  Direct3D 11.0 [level 11.1]
    Renderer: NVIDIA GeForce GTX 1660 Ti (ID=0x2191)
    Vendor:   
    VRAM:     5991 MB
    Driver:   27.21.14.5763
Initialize mono
Mono path[0] = 'C:/Program Files/Unity/Hub/Editor/2020.3.7f1/Editor/Data/Managed'
Mono path[1] = 'C:/Program Files/Unity/Hub/Editor/2020.3.7f1/Editor/Data/MonoBleedingEdge/lib/mono/unityjit'
Mono config path = 'C:/Program Files/Unity/Hub/Editor/2020.3.7f1/Editor/Data/MonoBleedingEdge/etc'
Using monoOptions --debugger-agent=transport=dt_socket,embedding=1,server=y,suspend=n,address=127.0.0.1:56632
Begin MonoManager ReloadAssembly
Registering precompiled unity dll's ...
Register platform support module: C:/Program Files/Unity/Hub/Editor/2020.3.7f1/Editor/Data/PlaybackEngines/WebGLSupport/UnityEditor.WebGL.Extensions.dll
Register platform support module: C:/Program Files/Unity/Hub/Editor/2020.3.7f1/Editor/Data/PlaybackEngines/WindowsStandaloneSupport/UnityEditor.WindowsStandalone.Extensions.dll
Registered in 0.002494 seconds.
Native extension for WindowsStandalone target not found
Native extension for WebGL target not found
Refreshing native plugins compatible for Editor in 34.42 ms, found 1 plugins.
Preloading 0 native plugins for Editor in 0.00 ms.
Mono: successfully reloaded assembly
- Completed reload, in  1.083 seconds
Platform modules already initialized, skipping
Registering precompiled user dll's ...
Registered in 0.000625 seconds.
Begin MonoManager ReloadAssembly
Native extension for WindowsStandalone target not found
Native extension for WebGL target not found
Refreshing native plugins compatible for Editor in 32.81 ms, found 1 plugins.
Preloading 0 native plugins for Editor in 0.00 ms.
Mono: successfully reloaded assembly
- Completed reload, in  0.819 seconds
Platform modules already initialized, skipping
========================================================================
Worker process is ready to serve import requests
Launched and connected shader compiler UnityShaderCompiler.exe after 0.04 seconds
Refreshing native plugins compatible for Editor in 0.33 ms, found 1 plugins.
Preloading 0 native plugins for Editor in 0.00 ms.
Unloading 1809 Unused Serialized files (Serialized files now loaded: 0)
System memory in use before: 87.8 MB.
System memory in use after: 87.7 MB.

Unloading 24 unused Assets to reduce memory usage. Loaded Objects now: 2251.
Total: 2.022400 ms (FindLiveObjects: 0.178400 ms CreateObjectMapping: 0.065600 ms MarkObjects: 1.671100 ms  DeleteObjects: 0.106500 ms)

========================================================================
Received Import Request.
  path: Assets/03.Materials
  artifactKey: Guid(08b912709a943f741be54b64bc53db5e) Importer(815301076,1909f56bfc062723c751e8b465ee728b)
Start importing Assets/03.Materials using Guid(08b912709a943f741be54b64bc53db5e) Importer(815301076,1909f56bfc062723c751e8b465ee728b)  -> (artifact id: '702d9922301c061be3539168b7d1359e') in 0.008001 seconds
  Import took 0.010843 seconds .

========================================================================
Received Import Request.
  Time since last request: 10.221152 seconds.
  path: Assets/03.Materials/New Physic Material.physicMaterial
  artifactKey: Guid(411008bebc7dcbf429c01aeee502b6e9) Importer(815301076,1909f56bfc062723c751e8b465ee728b)
Start importing Assets/03.Materials/New Physic Material.physicMaterial using Guid(411008bebc7dcbf429c01aeee502b6e9) Importer(815301076,1909f56bfc062723c751e8b465ee728b)  -> (artifact id: 'c703066d1390648eaef20c9d407cf505') in 0.037471 seconds
  Import took 0.040516 seconds .

========================================================================
Received Import Request.
  Time since last request: 0.030234 seconds.
  path: Assets/03.Materials/New Physic Material.physicMaterial
  artifactKey: Guid(411008bebc7dcbf429c01aeee502b6e9) Importer(815301076,1909f56bfc062723c751e8b465ee728b)
Start importing Assets/03.Materials/New Physic Material.physicMaterial using Guid(411008bebc7dcbf429c01aeee502b6e9) Importer(815301076,1909f56bfc062723c751e8b465ee728b)  -> (artifact id: 'c703066d1390648eaef20c9d407cf505') in 0.002330 seconds
  Import took 0.005477 seconds .

========================================================================
Received Prepare
Registering precompiled user dll's ...
Registered in 0.000654 seconds.
Begin MonoManager ReloadAssembly
Native extension for WindowsStandalone target not found
Native extension for WebGL target not found
Refreshing native plugins compatible for Editor in 0.43 ms, found 1 plugins.
Preloading 0 native plugins for Editor in 0.00 ms.
Mono: successfully reloaded assembly
- Completed reload, in  0.752 seconds
Platform modules already initialized, skipping
Refreshing native plugins compatible for Editor in 0.36 ms, found 1 plugins.
Preloading 0 native plugins for Editor in 0.00 ms.
Unloading 1804 Unused Serialized files (Serialized files now loaded: 0)
System memory in use before: 87.7 MB.
System memory in use after: 87.7 MB.

Unloading 12 unused Assets to reduce memory usage. Loaded Objects now: 2255.
Total: 1.920800 ms (FindLiveObjects: 0.169100 ms CreateObjectMapping: 0.065100 ms MarkObjects: 1.595500 ms  DeleteObjects: 0.090200 ms)

========================================================================
Received Prepare
Registering precompiled user dll's ...
Registered in 0.000745 seconds.
Begin MonoManager ReloadAssembly
Native extension for WindowsStandalone target not found
Native extension for WebGL target not found
Refreshing native plugins compatible for Editor in 0.36 ms, found 1 plugins.
Preloading 0 native plugins for Editor in 0.00 ms.
Mono: successfully reloaded assembly
- Completed reload, in  0.752 seconds
Platform modules already initialized, skipping
Refreshing native plugins compatible for Editor in 0.72 ms, found 1 plugins.
Preloading 0 native plugins for Editor in 0.00 ms.
Unloading 1804 Unused Serialized files (Serialized files now loaded: 0)
System memory in use before: 87.8 MB.
System memory in use after: 87.7 MB.

Unloading 12 unused Assets to reduce memory usage. Loaded Objects now: 2259.
Total: 1.788200 ms (FindLiveObjects: 0.172800 ms CreateObjectMapping: 0.046600 ms MarkObjects: 1.482500 ms  DeleteObjects: 0.085300 ms)

========================================================================
Received Prepare
Registering precompiled user dll's ...
Registered in 0.000644 seconds.
Begin MonoManager ReloadAssembly
Native extension for WindowsStandalone target not found
Native extension for WebGL target not found
Refreshing native plugins compatible for Editor in 0.35 ms, found 1 plugins.
Preloading 0 native plugins for Editor in 0.00 ms.
Mono: successfully reloaded assembly
- Completed reload, in  0.742 seconds
Platform modules already initialized, skipping
Refreshing native plugins compatible for Editor in 0.34 ms, found 1 plugins.
Preloading 0 native plugins for Editor in 0.00 ms.
Unloading 1804 Unused Serialized files (Serialized files now loaded: 0)
System memory in use before: 87.8 MB.
System memory in use after: 87.8 MB.

Unloading 12 unused Assets to reduce memory usage. Loaded Objects now: 2263.
Total: 2.443900 ms (FindLiveObjects: 0.492700 ms CreateObjectMapping: 0.122700 ms MarkObjects: 1.686700 ms  DeleteObjects: 0.140300 ms)

========================================================================
Received Prepare
Registering precompiled user dll's ...
Registered in 0.000750 seconds.
Begin MonoManager ReloadAssembly
Native extension for WindowsStandalone target not found
Native extension for WebGL target not found
Refreshing native plugins compatible for Editor in 0.37 ms, found 1 plugins.
Preloading 0 native plugins for Editor in 0.00 ms.
Mono: successfully reloaded assembly
- Completed reload, in  0.742 seconds
Platform modules already initialized, skipping
Refreshing native plugins compatible for Editor in 0.35 ms, found 1 plugins.
Preloading 0 native plugins for Editor in 0.00 ms.
Unloading 1804 Unused Serialized files (Serialized files now loaded: 0)
System memory in use before: 87.8 MB.
System memory in use after: 87.8 MB.

Unloading 12 unused Assets to reduce memory usage. Loaded Objects now: 2267.
Total: 2.026400 ms (FindLiveObjects: 0.225700 ms CreateObjectMapping: 0.070400 ms MarkObjects: 1.638900 ms  DeleteObjects: 0.090400 ms)

========================================================================
Received Prepare
Registering precompiled user dll's ...
Registered in 0.000708 seconds.
Begin MonoManager ReloadAssembly
Native extension for WindowsStandalone target not found
Native extension for WebGL target not found
Refreshing native plugins compatible for Editor in 0.99 ms, found 1 plugins.
Preloading 0 native plugins for Editor in 0.00 ms.
Mono: successfully reloaded assembly
- Completed reload, in  0.774 seconds
Platform modules already initialized, skipping
Refreshing native plugins compatible for Editor in 0.36 ms, found 1 plugins.
Preloading 0 native plugins for Editor in 0.00 ms.
Unloading 1804 Unused Serialized files (Serialized files now loaded: 0)
System memory in use before: 87.8 MB.
System memory in use after: 87.8 MB.

Unloading 12 unused Assets to reduce memory usage. Loaded Objects now: 2271.
Total: 2.221200 ms (FindLiveObjects: 0.307900 ms CreateObjectMapping: 0.075900 ms MarkObjects: 1.712600 ms  DeleteObjects: 0.123700 ms)

========================================================================
Received Import Request.
  Time since last request: 1858.592139 seconds.
  path: Assets/02.Scripts/csPlayer.cs
  artifactKey: Guid(47267b93c7561124591407361545e3e8) Importer(815301076,1909f56bfc062723c751e8b465ee728b)
Start importing Assets/02.Scripts/csPlayer.cs using Guid(47267b93c7561124591407361545e3e8) Importer(815301076,1909f56bfc062723c751e8b465ee728b)  -> (artifact id: '9191c3fc64b4a72be4124d023bf285d4') in 0.020302 seconds
  Import took 0.023076 seconds .

========================================================================
Received Import Request.
  Time since last request: 1.698217 seconds.
  path: Assets/02.Scripts/csPlayer.cs
  artifactKey: Guid(47267b93c7561124591407361545e3e8) Importer(815301076,1909f56bfc062723c751e8b465ee728b)
Start importing Assets/02.Scripts/csPlayer.cs using Guid(47267b93c7561124591407361545e3e8) Importer(815301076,1909f56bfc062723c751e8b465ee728b)  -> (artifact id: '9191c3fc64b4a72be4124d023bf285d4') in 0.001622 seconds
  Import took 0.004374 seconds .

========================================================================
Received Prepare
Registering precompiled user dll's ...
Registered in 0.000791 seconds.
Begin MonoManager ReloadAssembly
Native extension for WindowsStandalone target not found
Native extension for WebGL target not found
Refreshing native plugins compatible for Editor in 0.35 ms, found 1 plugins.
Preloading 0 native plugins for Editor in 0.00 ms.
Mono: successfully reloaded assembly
- Completed reload, in  0.778 seconds
Platform modules already initialized, skipping
Refreshing native plugins compatible for Editor in 0.35 ms, found 1 plugins.
Preloading 0 native plugins for Editor in 0.00 ms.
Unloading 1804 Unused Serialized files (Serialized files now loaded: 0)
System memory in use before: 87.8 MB.
System memory in use after: 87.8 MB.

Unloading 12 unused Assets to reduce memory usage. Loaded Objects now: 2275.
Total: 1.849400 ms (FindLiveObjects: 0.209500 ms CreateObjectMapping: 0.045900 ms MarkObjects: 1.502300 ms  DeleteObjects: 0.090100 ms)

========================================================================
Received Prepare
Registering precompiled user dll's ...
Registered in 0.000748 seconds.
Begin MonoManager ReloadAssembly
Native extension for WindowsStandalone target not found
Native extension for WebGL target not found
Refreshing native plugins compatible for Editor in 0.34 ms, found 1 plugins.
Preloading 0 native plugins for Editor in 0.00 ms.
Mono: successfully reloaded assembly
- Completed reload, in  0.753 seconds
Platform modules already initialized, skipping
Refreshing native plugins compatible for Editor in 0.37 ms, found 1 plugins.
Preloading 0 native plugins for Editor in 0.00 ms.
Unloading 1804 Unused Serialized files (Serialized files now loaded: 0)
System memory in use before: 87.8 MB.
System memory in use after: 87.8 MB.

Unloading 12 unused Assets to reduce memory usage. Loaded Objects now: 2279.
Total: 2.026000 ms (FindLiveObjects: 0.258000 ms CreateObjectMapping: 0.117500 ms MarkObjects: 1.552700 ms  DeleteObjects: 0.096200 ms)

========================================================================
Received Prepare
Registering precompiled user dll's ...
Registered in 0.001266 seconds.
Begin MonoManager ReloadAssembly
Native extension for WindowsStandalone target not found
Native extension for WebGL target not found
Refreshing native plugins compatible for Editor in 0.38 ms, found 1 plugins.
Preloading 0 native plugins for Editor in 0.00 ms.
Invalid AssetDatabase path: /Editor/EditorResources/cm_logo_sm.png. Use path relative to the project folder.
UnityEngine.StackTraceUtility:ExtractStackTrace ()
UnityEditor.AssetDatabase:LoadAssetAtPath<UnityEngine.Texture2D> (string)
Cinemachine.Editor.CinemachineSettings:get_CinemachineLogoTexture () (at Library/PackageCache/com.unity.cinemachine@2.6.4/Editor/Windows/CinemachineSettings.cs:205)
Cinemachine.Editor.CinemachineSettings:.cctor () (at Library/PackageCache/com.unity.cinemachine@2.6.4/Editor/Windows/CinemachineSettings.cs:237)
Cinemachine.CinemachineColliderPrefs:.cctor () (at Library/PackageCache/com.unity.cinemachine@2.6.4/Editor/Windows/CinemachineColliderPrefs.cs:61)
System.Runtime.CompilerServices.RuntimeHelpers:RunClassConstructor (System.RuntimeTypeHandle)
UnityEditor.EditorAssemblies:ProcessInitializeOnLoadAttributes (System.Type[])

[Library/PackageCache/com.unity.cinemachine@2.6.4/Editor/Windows/CinemachineSettings.cs line 205]

Mono: successfully reloaded assembly
- Completed reload, in  0.817 seconds
Platform modules already initialized, skipping
Refreshing native plugins compatible for Editor in 0.39 ms, found 1 plugins.
Preloading 0 native plugins for Editor in 0.00 ms.
Unloading 1950 Unused Serialized files (Serialized files now loaded: 0)
System memory in use before: 92.9 MB.
System memory in use after: 92.8 MB.

Unloading 13 unused Assets to reduce memory usage. Loaded Objects now: 2428.
Total: 2.385500 ms (FindLiveObjects: 0.256000 ms CreateObjectMapping: 0.118400 ms MarkObjects: 1.871800 ms  DeleteObjects: 0.138300 ms)

========================================================================
Received Import Request.
  Time since last request: 3503.528418 seconds.
  path: Assets/02.Scripts
  artifactKey: Guid(9ca381b90c2b8da4ea7e5eb8345150da) Importer(815301076,1909f56bfc062723c751e8b465ee728b)
Start importing Assets/02.Scripts using Guid(9ca381b90c2b8da4ea7e5eb8345150da) Importer(815301076,1909f56bfc062723c751e8b465ee728b)  -> (artifact id: 'd7388669aa04bc91b341b8d3fead55e6') in 0.011424 seconds
  Import took 0.017173 seconds .

========================================================================
Received Import Request.
  Time since last request: 85.129610 seconds.
  path: Assets
  artifactKey: Guid(00000000000000001000000000000000) Importer(815301076,1909f56bfc062723c751e8b465ee728b)
Start importing Assets using Guid(00000000000000001000000000000000) Importer(815301076,1909f56bfc062723c751e8b465ee728b)  -> (artifact id: '5f6a1853b736837ecfb0820a881449cb') in 0.006994 seconds
  Import took 0.010626 seconds .

========================================================================
Received Import Request.
  Time since last request: 8.727589 seconds.
  path: Assets/CinemachineBlenderSettings.asset
  artifactKey: Guid(1d178cc055ad30a458abef5e14c55d07) Importer(815301076,1909f56bfc062723c751e8b465ee728b)
Start importing Assets/CinemachineBlenderSettings.asset using Guid(1d178cc055ad30a458abef5e14c55d07) Importer(815301076,1909f56bfc062723c751e8b465ee728b)  -> (artifact id: '51678fec59d45cf68d7de86637617d7c') in 0.020612 seconds
  Import took 0.024195 seconds .

AssetImportWorkerClient::OnTransportError - code=2 error=End of file
